0 info it worked if it ends with ok
1 verbose cli [ '/usr/bin/node', '/usr/bin/npm', 'start' ]
2 info using npm@3.5.2
3 info using node@v8.10.0
4 verbose run-script [ 'prestart', 'start', 'poststart' ]
5 info lifecycle service-nodejs@0.0.1~prestart: service-nodejs@0.0.1
6 silly lifecycle service-nodejs@0.0.1~prestart: no script for prestart, continuing
7 info lifecycle service-nodejs@0.0.1~start: service-nodejs@0.0.1
8 verbose lifecycle service-nodejs@0.0.1~start: unsafe-perm in lifecycle true
9 verbose lifecycle service-nodejs@0.0.1~start: PATH: /usr/share/npm/bin/node-gyp-bin:/home/daniel/git/ciencia/catalog/node_modules/.bin:/usr/local/sbin:/usr/local/bin:/usr/sbin:/usr/bin:/sbin:/bin:/usr/games:/usr/local/games:/snap/bin:/usr/bin/javahome/bin:/usr/lib/apache-maven-3.6.1/bin:/usr/bin/javahome/jre/bin
10 verbose lifecycle service-nodejs@0.0.1~start: CWD: /home/daniel/git/ciencia/catalog
11 silly lifecycle service-nodejs@0.0.1~start: Args: [ '-c', 'node app.js' ]
12 silly lifecycle service-nodejs@0.0.1~start: Returned: code: 1  signal: null
13 info lifecycle service-nodejs@0.0.1~start: Failed to exec start script
14 verbose stack Error: service-nodejs@0.0.1 start: `node app.js`
14 verbose stack Exit status 1
14 verbose stack     at EventEmitter.<anonymous> (/usr/share/npm/lib/utils/lifecycle.js:232:16)
14 verbose stack     at emitTwo (events.js:126:13)
14 verbose stack     at EventEmitter.emit (events.js:214:7)
14 verbose stack     at ChildProcess.<anonymous> (/usr/share/npm/lib/utils/spawn.js:24:14)
14 verbose stack     at emitTwo (events.js:126:13)
14 verbose stack     at ChildProcess.emit (events.js:214:7)
14 verbose stack     at maybeClose (internal/child_process.js:925:16)
14 verbose stack     at Process.ChildProcess._handle.onexit (internal/child_process.js:209:5)
15 verbose pkgid service-nodejs@0.0.1
16 verbose cwd /home/daniel/git/ciencia/catalog
17 error Linux 4.15.0-52-generic
18 error argv "/usr/bin/node" "/usr/bin/npm" "start"
19 error node v8.10.0
20 error npm  v3.5.2
21 error code ELIFECYCLE
22 error service-nodejs@0.0.1 start: `node app.js`
22 error Exit status 1
23 error Failed at the service-nodejs@0.0.1 start script 'node app.js'.
23 error Make sure you have the latest version of node.js and npm installed.
23 error If you do, this is most likely a problem with the service-nodejs package,
23 error not with npm itself.
23 error Tell the author that this fails on your system:
23 error     node app.js
23 error You can get information on how to open an issue for this project with:
23 error     npm bugs service-nodejs
23 error Or if that isn't available, you can get their info via:
23 error     npm owner ls service-nodejs
23 error There is likely additional logging output above.
24 verbose exit [ 1, true ]
